<?xml version="1.0" encoding="UTF-8"?>
<!-- Generated by org.testng.reporters.JUnitReportReporter -->
<testsuite hostname="LAPTOP-GGKDJPVB" failures="0" tests="1" name="com.maven.Class1" time="8.326" errors="0" timestamp="2023-12-26T09:54:14 IST" skipped="0">
  <testcase classname="com.maven.Class1" name="setup" time="8.326"/>
  <system-out/>
</testsuite> <!-- com.maven.Class1 -->
